CRITICAL - 2023-01-09 05:01:19 --> Invalid file: pages/signup.php
in SYSTEMPATH\Exceptions\FrameworkException.php on line 33.
 1 SYSTEMPATH\View\View.php(201): CodeIgniter\Exceptions\FrameworkException::forInvalidFile('pages/signup.php')
 2 SYSTEMPATH\Common.php(1135): CodeIgniter\View\View->render('pages/signup', [], true)
 3 APPPATH\Controllers\Customer.php(82): view('pages/signup', [...])
 4 SYSTEMPATH\CodeIgniter.php(925): App\Controllers\Customer->signup()
 5 SYSTEMPATH\CodeIgniter.php(480): CodeIgniter\CodeIgniter->runController(Object(App\Controllers\Customer))
 6 SYSTEMPATH\CodeIgniter.php(349): CodeIgniter\CodeIgniter->handleRequest(null, Object(Config\Cache), false)
 7 FCPATH\index.php(67): CodeIgniter\CodeIgniter->run()
CRITICAL - 2023-01-09 05:05:17 --> Undefined variable $cities
in APPPATH\Views\pages\users\customer\signup.php on line 31.
 1 APPPATH\Views\pages\users\customer\signup.php(31): CodeIgniter\Debug\Exceptions->errorHandler(2, 'Undefined variable $cities', 'APPPATH\\Views\\pages\\users\\customer\\signup.php', 31)
 2 SYSTEMPATH\View\View.php(213): include('APPPATH\\Views\\pages\\users\\customer\\signup.php')
 3 SYSTEMPATH\View\View.php(216): CodeIgniter\View\View->CodeIgniter\View\{closure}()
 4 SYSTEMPATH\Common.php(1135): CodeIgniter\View\View->render('pages/users/customer/signup', [], true)
 5 APPPATH\Controllers\Customer.php(82): view('pages/users/customer/signup', [...])
 6 SYSTEMPATH\CodeIgniter.php(925): App\Controllers\Customer->signup()
 7 SYSTEMPATH\CodeIgniter.php(480): CodeIgniter\CodeIgniter->runController(Object(App\Controllers\Customer))
 8 SYSTEMPATH\CodeIgniter.php(349): CodeIgniter\CodeIgniter->handleRequest(null, Object(Config\Cache), false)
 9 FCPATH\index.php(67): CodeIgniter\CodeIgniter->run()
CRITICAL - 2023-01-09 05:45:50 --> Undefined variable $name
in APPPATH\Views\layouts\agency.php on line 7.
 1 APPPATH\Views\layouts\agency.php(7): CodeIgniter\Debug\Exceptions->errorHandler(2, 'Undefined variable $name', 'APPPATH\\Views\\layouts\\agency.php', 7)
 2 SYSTEMPATH\View\View.php(213): include('APPPATH\\Views\\layouts\\agency.php')
 3 SYSTEMPATH\View\View.php(216): CodeIgniter\View\View->CodeIgniter\View\{closure}()
 4 SYSTEMPATH\View\View.php(229): CodeIgniter\View\View->render('layouts/agency', [], true)
 5 SYSTEMPATH\Common.php(1135): CodeIgniter\View\View->render('pages/home', [], true)
 6 APPPATH\Controllers\Home.php(20): view('pages/home', [...])
 7 SYSTEMPATH\CodeIgniter.php(925): App\Controllers\Home->index()
 8 SYSTEMPATH\CodeIgniter.php(480): CodeIgniter\CodeIgniter->runController(Object(App\Controllers\Home))
 9 SYSTEMPATH\CodeIgniter.php(349): CodeIgniter\CodeIgniter->handleRequest(null, Object(Config\Cache), false)
10 FCPATH\index.php(67): CodeIgniter\CodeIgniter->run()
CRITICAL - 2023-01-09 05:47:22 --> Undefined property: CodeIgniter\View\View::$session
in APPPATH\Views\layouts\agency.php on line 7.
 1 APPPATH\Views\layouts\agency.php(7): CodeIgniter\Debug\Exceptions->errorHandler(2, 'Undefined property: CodeIgniter\\View\\View::$session', 'APPPATH\\Views\\layouts\\agency.php', 7)
 2 SYSTEMPATH\View\View.php(213): include('APPPATH\\Views\\layouts\\agency.php')
 3 SYSTEMPATH\View\View.php(216): CodeIgniter\View\View->CodeIgniter\View\{closure}()
 4 SYSTEMPATH\View\View.php(229): CodeIgniter\View\View->render('layouts/agency', [], true)
 5 SYSTEMPATH\Common.php(1135): CodeIgniter\View\View->render('pages/home', [], true)
 6 APPPATH\Controllers\Home.php(20): view('pages/home', [...])
 7 SYSTEMPATH\CodeIgniter.php(925): App\Controllers\Home->index()
 8 SYSTEMPATH\CodeIgniter.php(480): CodeIgniter\CodeIgniter->runController(Object(App\Controllers\Home))
 9 SYSTEMPATH\CodeIgniter.php(349): CodeIgniter\CodeIgniter->handleRequest(null, Object(Config\Cache), false)
10 FCPATH\index.php(67): CodeIgniter\CodeIgniter->run()
CRITICAL - 2023-01-09 05:47:37 --> Undefined property: CodeIgniter\View\View::$session
in APPPATH\Views\layouts\agency.php on line 7.
 1 APPPATH\Views\layouts\agency.php(7): CodeIgniter\Debug\Exceptions->errorHandler(2, 'Undefined property: CodeIgniter\\View\\View::$session', 'APPPATH\\Views\\layouts\\agency.php', 7)
 2 SYSTEMPATH\View\View.php(213): include('APPPATH\\Views\\layouts\\agency.php')
 3 SYSTEMPATH\View\View.php(216): CodeIgniter\View\View->CodeIgniter\View\{closure}()
 4 SYSTEMPATH\View\View.php(229): CodeIgniter\View\View->render('layouts/agency', [], true)
 5 SYSTEMPATH\Common.php(1135): CodeIgniter\View\View->render('pages/home', [], true)
 6 APPPATH\Controllers\Home.php(20): view('pages/home', [...])
 7 SYSTEMPATH\CodeIgniter.php(925): App\Controllers\Home->index()
 8 SYSTEMPATH\CodeIgniter.php(480): CodeIgniter\CodeIgniter->runController(Object(App\Controllers\Home))
 9 SYSTEMPATH\CodeIgniter.php(349): CodeIgniter\CodeIgniter->handleRequest(null, Object(Config\Cache), false)
10 FCPATH\index.php(67): CodeIgniter\CodeIgniter->run()
CRITICAL - 2023-01-09 06:59:24 --> Undefined variable $cities
in APPPATH\Views\pages\home.php on line 18.
 1 APPPATH\Views\pages\home.php(18): CodeIgniter\Debug\Exceptions->errorHandler(2, 'Undefined variable $cities', 'APPPATH\\Views\\pages\\home.php', 18)
 2 SYSTEMPATH\View\View.php(213): include('APPPATH\\Views\\pages\\home.php')
 3 SYSTEMPATH\View\View.php(216): CodeIgniter\View\View->CodeIgniter\View\{closure}()
 4 SYSTEMPATH\Common.php(1135): CodeIgniter\View\View->render('pages/home', [], true)
 5 APPPATH\Controllers\Home.php(20): view('pages/home', [...])
 6 SYSTEMPATH\CodeIgniter.php(925): App\Controllers\Home->index()
 7 SYSTEMPATH\CodeIgniter.php(480): CodeIgniter\CodeIgniter->runController(Object(App\Controllers\Home))
 8 SYSTEMPATH\CodeIgniter.php(349): CodeIgniter\CodeIgniter->handleRequest(null, Object(Config\Cache), false)
 9 FCPATH\index.php(67): CodeIgniter\CodeIgniter->run()
CRITICAL - 2023-01-09 07:01:24 --> Call to undefined function set_select()
in APPPATH\Views\pages\home.php on line 19.
 1 SYSTEMPATH\View\View.php(213): include()
 2 SYSTEMPATH\View\View.php(216): CodeIgniter\View\View->CodeIgniter\View\{closure}()
 3 SYSTEMPATH\Common.php(1135): CodeIgniter\View\View->render('pages/home', [], true)
 4 APPPATH\Controllers\Home.php(27): view('pages/home', [...])
 5 SYSTEMPATH\CodeIgniter.php(925): App\Controllers\Home->index()
 6 SYSTEMPATH\CodeIgniter.php(480): CodeIgniter\CodeIgniter->runController(Object(App\Controllers\Home))
 7 SYSTEMPATH\CodeIgniter.php(349): CodeIgniter\CodeIgniter->handleRequest(null, Object(Config\Cache), false)
 8 FCPATH\index.php(67): CodeIgniter\CodeIgniter->run()
CRITICAL - 2023-01-09 07:01:44 --> Call to undefined function set_select()
in APPPATH\Views\pages\home.php on line 19.
 1 SYSTEMPATH\View\View.php(213): include()
 2 SYSTEMPATH\View\View.php(216): CodeIgniter\View\View->CodeIgniter\View\{closure}()
 3 SYSTEMPATH\Common.php(1135): CodeIgniter\View\View->render('pages/home', [], true)
 4 APPPATH\Controllers\Home.php(27): view('pages/home', [...])
 5 SYSTEMPATH\CodeIgniter.php(925): App\Controllers\Home->index()
 6 SYSTEMPATH\CodeIgniter.php(480): CodeIgniter\CodeIgniter->runController(Object(App\Controllers\Home))
 7 SYSTEMPATH\CodeIgniter.php(349): CodeIgniter\CodeIgniter->handleRequest(null, Object(Config\Cache), false)
 8 FCPATH\index.php(67): CodeIgniter\CodeIgniter->run()
CRITICAL - 2023-01-09 07:03:00 --> Undefined variable $ci
in APPPATH\Views\pages\home.php on line 40.
 1 APPPATH\Views\pages\home.php(40): CodeIgniter\Debug\Exceptions->errorHandler(2, 'Undefined variable $ci', 'APPPATH\\Views\\pages\\home.php', 40)
 2 SYSTEMPATH\View\View.php(213): include('APPPATH\\Views\\pages\\home.php')
 3 SYSTEMPATH\View\View.php(216): CodeIgniter\View\View->CodeIgniter\View\{closure}()
 4 SYSTEMPATH\Common.php(1135): CodeIgniter\View\View->render('pages/home', [], true)
 5 APPPATH\Controllers\Home.php(28): view('pages/home', [...])
 6 SYSTEMPATH\CodeIgniter.php(925): App\Controllers\Home->index()
 7 SYSTEMPATH\CodeIgniter.php(480): CodeIgniter\CodeIgniter->runController(Object(App\Controllers\Home))
 8 SYSTEMPATH\CodeIgniter.php(349): CodeIgniter\CodeIgniter->handleRequest(null, Object(Config\Cache), false)
 9 FCPATH\index.php(67): CodeIgniter\CodeIgniter->run()
CRITICAL - 2023-01-09 08:40:49 --> Class "App\Controllers\AgencyModel" not found
in APPPATH\Controllers\Home.php on line 52.
 1 SYSTEMPATH\CodeIgniter.php(925): App\Controllers\Home->index()
 2 SYSTEMPATH\CodeIgniter.php(480): CodeIgniter\CodeIgniter->runController(Object(App\Controllers\Home))
 3 SYSTEMPATH\CodeIgniter.php(349): CodeIgniter\CodeIgniter->handleRequest(null, Object(Config\Cache), false)
 4 FCPATH\index.php(67): CodeIgniter\CodeIgniter->run()
ERROR - 2023-01-09 11:43:03 --> mysqli_sql_exception: You have an error in your SQL syntax; check the manual that corresponds to your MariaDB server version for the right syntax to use near '' at line 1 in C:\xampp\htdocs\carrental\system\Database\MySQLi\Connection.php:292
Stack trace:
#0 C:\xampp\htdocs\carrental\system\Database\MySQLi\Connection.php(292): mysqli->query('SELECT `model`,...', 0)
#1 C:\xampp\htdocs\carrental\system\Database\BaseConnection.php(666): CodeIgniter\Database\MySQLi\Connection->execute('SELECT `model`,...')
#2 C:\xampp\htdocs\carrental\system\Database\BaseConnection.php(593): CodeIgniter\Database\BaseConnection->simpleQuery('SELECT `model`,...')
#3 C:\xampp\htdocs\carrental\app\Controllers\Home.php(44): CodeIgniter\Database\BaseConnection->query('SELECT `model`,...')
#4 C:\xampp\htdocs\carrental\system\CodeIgniter.php(925): App\Controllers\Home->index()
#5 C:\xampp\htdocs\carrental\system\CodeIgniter.php(480): CodeIgniter\CodeIgniter->runController(Object(App\Controllers\Home))
#6 C:\xampp\htdocs\carrental\system\CodeIgniter.php(349): CodeIgniter\CodeIgniter->handleRequest(NULL, Object(Config\Cache), false)
#7 C:\xampp\htdocs\carrental\public\index.php(67): CodeIgniter\CodeIgniter->run()
#8 {main}
CRITICAL - 2023-01-09 11:43:03 --> You have an error in your SQL syntax; check the manual that corresponds to your MariaDB server version for the right syntax to use near '' at line 1
in SYSTEMPATH\Database\MySQLi\Connection.php on line 292.
 1 SYSTEMPATH\Database\MySQLi\Connection.php(292): mysqli->query('SELECT `model`,`capacity`, `rent_per_day` FROM `cars` WHERE `agency_id` IN (SELECT `id` FROM `agencies` WHERE `city`=Ahmedabad)AND `model` LIKE ', 0)
 2 SYSTEMPATH\Database\BaseConnection.php(666): CodeIgniter\Database\MySQLi\Connection->execute('SELECT `model`,`capacity`, `rent_per_day` FROM `cars` WHERE `agency_id` IN (SELECT `id` FROM `agencies` WHERE `city`=Ahmedabad)AND `model` LIKE ')
 3 SYSTEMPATH\Database\BaseConnection.php(593): CodeIgniter\Database\BaseConnection->simpleQuery('SELECT `model`,`capacity`, `rent_per_day` FROM `cars` WHERE `agency_id` IN (SELECT `id` FROM `agencies` WHERE `city`=Ahmedabad)AND `model` LIKE ')
 4 APPPATH\Controllers\Home.php(44): CodeIgniter\Database\BaseConnection->query('SELECT `model`,`capacity`, `rent_per_day` FROM `cars` WHERE `agency_id` IN (SELECT `id` FROM `agencies` WHERE `city`=Ahmedabad)AND `model` LIKE ')
 5 SYSTEMPATH\CodeIgniter.php(925): App\Controllers\Home->index()
 6 SYSTEMPATH\CodeIgniter.php(480): CodeIgniter\CodeIgniter->runController(Object(App\Controllers\Home))
 7 SYSTEMPATH\CodeIgniter.php(349): CodeIgniter\CodeIgniter->handleRequest(null, Object(Config\Cache), false)
 8 FCPATH\index.php(67): CodeIgniter\CodeIgniter->run()
CRITICAL - 2023-01-09 12:38:33 --> Call to undefined function set_value()
in APPPATH\Views\pages\users\agency\addcars.php on line 9.
 1 SYSTEMPATH\View\View.php(213): include()
 2 SYSTEMPATH\View\View.php(216): CodeIgniter\View\View->CodeIgniter\View\{closure}()
 3 SYSTEMPATH\Common.php(1135): CodeIgniter\View\View->render('pages/users/agency/addcars', [], true)
 4 APPPATH\Controllers\Agency.php(16): view('pages/users/agency/addcars', [...])
 5 SYSTEMPATH\CodeIgniter.php(925): App\Controllers\Agency->addCars()
 6 SYSTEMPATH\CodeIgniter.php(480): CodeIgniter\CodeIgniter->runController(Object(App\Controllers\Agency))
 7 SYSTEMPATH\CodeIgniter.php(349): CodeIgniter\CodeIgniter->handleRequest(null, Object(Config\Cache), false)
 8 FCPATH\index.php(67): CodeIgniter\CodeIgniter->run()
CRITICAL - 2023-01-09 12:39:23 --> Undefined variable $cities
in APPPATH\Views\pages\users\agency\addcars.php on line 31.
 1 APPPATH\Views\pages\users\agency\addcars.php(31): CodeIgniter\Debug\Exceptions->errorHandler(2, 'Undefined variable $cities', 'APPPATH\\Views\\pages\\users\\agency\\addcars.php', 31)
 2 SYSTEMPATH\View\View.php(213): include('APPPATH\\Views\\pages\\users\\agency\\addcars.php')
 3 SYSTEMPATH\View\View.php(216): CodeIgniter\View\View->CodeIgniter\View\{closure}()
 4 SYSTEMPATH\Common.php(1135): CodeIgniter\View\View->render('pages/users/agency/addcars', [], true)
 5 APPPATH\Controllers\Agency.php(17): view('pages/users/agency/addcars', [...])
 6 SYSTEMPATH\CodeIgniter.php(925): App\Controllers\Agency->addCars()
 7 SYSTEMPATH\CodeIgniter.php(480): CodeIgniter\CodeIgniter->runController(Object(App\Controllers\Agency))
 8 SYSTEMPATH\CodeIgniter.php(349): CodeIgniter\CodeIgniter->handleRequest(null, Object(Config\Cache), false)
 9 FCPATH\index.php(67): CodeIgniter\CodeIgniter->run()
CRITICAL - 2023-01-09 22:42:01 --> Undefined global variable $_SESSION
in APPPATH\Controllers\Agency.php on line 55.
 1 APPPATH\Controllers\Agency.php(55): CodeIgniter\Debug\Exceptions->errorHandler(2, 'Undefined global variable $_SESSION', 'APPPATH\\Controllers\\Agency.php', 55)
 2 SYSTEMPATH\CodeIgniter.php(925): App\Controllers\Agency->addCar()
 3 SYSTEMPATH\CodeIgniter.php(480): CodeIgniter\CodeIgniter->runController(Object(App\Controllers\Agency))
 4 SYSTEMPATH\CodeIgniter.php(349): CodeIgniter\CodeIgniter->handleRequest(null, Object(Config\Cache), false)
 5 FCPATH\index.php(67): CodeIgniter\CodeIgniter->run()
