ERROR - 2023-01-08 00:41:43 --> mysqli_sql_exception: Unknown column 'passsword' in 'field list' in C:\xampp\htdocs\carrental\system\Database\MySQLi\Connection.php:292
Stack trace:
#0 C:\xampp\htdocs\carrental\system\Database\MySQLi\Connection.php(292): mysqli->query('INSERT INTO `us...', 0)
#1 C:\xampp\htdocs\carrental\system\Database\BaseConnection.php(666): CodeIgniter\Database\MySQLi\Connection->execute('INSERT INTO `us...')
#2 C:\xampp\htdocs\carrental\system\Database\BaseConnection.php(593): CodeIgniter\Database\BaseConnection->simpleQuery('INSERT INTO `us...')
#3 C:\xampp\htdocs\carrental\system\Database\BaseBuilder.php(1916): CodeIgniter\Database\BaseConnection->query('INSERT INTO `us...', Array, false)
#4 C:\xampp\htdocs\carrental\system\Model.php(303): CodeIgniter\Database\BaseBuilder->insert()
#5 C:\xampp\htdocs\carrental\system\BaseModel.php(750): CodeIgniter\Model->doInsert(Array)
#6 C:\xampp\htdocs\carrental\system\Model.php(695): CodeIgniter\BaseModel->insert(Array, false)
#7 C:\xampp\htdocs\carrental\system\BaseModel.php(660): CodeIgniter\Model->insert(Array, false)
#8 C:\xampp\htdocs\carrental\app\Controllers\Signup.php(62): CodeIgniter\BaseModel->save(Array)
#9 C:\xampp\htdocs\carrental\system\CodeIgniter.php(925): App\Controllers\Signup->index()
#10 C:\xampp\htdocs\carrental\system\CodeIgniter.php(480): CodeIgniter\CodeIgniter->runController(Object(App\Controllers\Signup))
#11 C:\xampp\htdocs\carrental\system\CodeIgniter.php(349): CodeIgniter\CodeIgniter->handleRequest(NULL, Object(Config\Cache), false)
#12 C:\xampp\htdocs\carrental\public\index.php(67): CodeIgniter\CodeIgniter->run()
#13 {main}
CRITICAL - 2023-01-08 00:41:43 --> Unknown column 'passsword' in 'field list'
in SYSTEMPATH\Database\MySQLi\Connection.php on line 292.
 1 SYSTEMPATH\Database\MySQLi\Connection.php(292): mysqli->query('INSERT INTO `users` (`fname`, `lname`, `email`, `password`, `type`, `passsword`) VALUES (\'my first name\', \'my last name\', \'me@mydomain.com\', \'poipiqrrouoy\', \'customer\', \'$2y$10$e4cWN/xt5XyCNyvaROqKgO1GNIyF/y4ZoGDjXittr4H.cijh/ltx6\')', 0)
 2 SYSTEMPATH\Database\BaseConnection.php(666): CodeIgniter\Database\MySQLi\Connection->execute('INSERT INTO `users` (`fname`, `lname`, `email`, `password`, `type`, `passsword`) VALUES (\'my first name\', \'my last name\', \'me@mydomain.com\', \'poipiqrrouoy\', \'customer\', \'$2y$10$e4cWN/xt5XyCNyvaROqKgO1GNIyF/y4ZoGDjXittr4H.cijh/ltx6\')')
 3 SYSTEMPATH\Database\BaseConnection.php(593): CodeIgniter\Database\BaseConnection->simpleQuery('INSERT INTO `users` (`fname`, `lname`, `email`, `password`, `type`, `passsword`) VALUES (\'my first name\', \'my last name\', \'me@mydomain.com\', \'poipiqrrouoy\', \'customer\', \'$2y$10$e4cWN/xt5XyCNyvaROqKgO1GNIyF/y4ZoGDjXittr4H.cijh/ltx6\')')
 4 SYSTEMPATH\Database\BaseBuilder.php(1916): CodeIgniter\Database\BaseConnection->query('INSERT INTO `users` (`fname`, `lname`, `email`, `password`, `type`, `passsword`) VALUES (:fname:, :lname:, :email:, :password:, :type:, :passsword:)', [...], false)
 5 SYSTEMPATH\Model.php(303): CodeIgniter\Database\BaseBuilder->insert()
 6 SYSTEMPATH\BaseModel.php(750): CodeIgniter\Model->doInsert([...])
 7 SYSTEMPATH\Model.php(695): CodeIgniter\BaseModel->insert([...], false)
 8 SYSTEMPATH\BaseModel.php(660): CodeIgniter\Model->insert([...], false)
 9 APPPATH\Controllers\Signup.php(62): CodeIgniter\BaseModel->save([...])
10 SYSTEMPATH\CodeIgniter.php(925): App\Controllers\Signup->index()
11 SYSTEMPATH\CodeIgniter.php(480): CodeIgniter\CodeIgniter->runController(Object(App\Controllers\Signup))
12 SYSTEMPATH\CodeIgniter.php(349): CodeIgniter\CodeIgniter->handleRequest(null, Object(Config\Cache), false)
13 FCPATH\index.php(67): CodeIgniter\CodeIgniter->run()
